TN:
SF:src/exit-codes.js
FNF:0
FNH:0
DA:1,2
DA:2,2
DA:3,2
DA:4,2
DA:5,2
DA:6,2
DA:7,2
DA:8,2
DA:9,2
DA:10,2
DA:11,2
DA:12,2
DA:13,2
DA:14,2
DA:15,2
DA:16,2
DA:17,2
DA:18,2
DA:19,74
DA:20,74
DA:21,2
DA:22,2
DA:23,2
DA:24,2
DA:25,2
DA:26,2
DA:27,2
DA:28,2
DA:29,2
DA:30,2
DA:31,2
DA:32,2
DA:33,2
DA:34,2
LF:34
LH:34
BRDA:1,0,0,2
BRDA:18,1,0,74
BRF:2
BRH:2
end_of_record
TN:
SF:src/util.js
FN:11,exit
FN:34,fileExists
FN:43,getFileSize
FN:52,readJSON
FN:67,readDir
FNF:5
FNH:5
FNDA:10,exit
FNDA:2,fileExists
FNDA:2,getFileSize
FNDA:4,readJSON
FNDA:2,readDir
DA:1,1
DA:2,1
DA:3,1
DA:4,1
DA:5,1
DA:6,1
DA:7,1
DA:8,1
DA:9,1
DA:10,1
DA:11,1
DA:12,10
DA:13,10
DA:14,10
DA:15,1
DA:16,1
DA:17,10
DA:18,10
DA:19,2
DA:20,1
DA:21,1
DA:22,1
DA:23,1
DA:24,2
DA:25,10
DA:26,10
DA:27,10
DA:28,1
DA:29,1
DA:30,1
DA:31,1
DA:32,1
DA:33,1
DA:34,1
DA:35,2
DA:36,2
DA:37,1
DA:38,1
DA:39,1
DA:40,1
DA:41,1
DA:42,1
DA:43,1
DA:44,2
DA:45,2
DA:46,1
DA:47,1
DA:48,1
DA:49,1
DA:50,1
DA:51,1
DA:52,1
DA:53,4
DA:54,4
DA:55,4
DA:56,4
DA:57,2
DA:58,2
DA:59,2
DA:60,4
DA:61,1
DA:62,1
DA:63,1
DA:64,1
DA:65,1
DA:66,1
DA:67,1
DA:68,2
DA:69,2
LF:69
LH:69
BRDA:1,0,0,1
BRDA:11,1,0,10
BRDA:14,2,0,1
BRDA:18,3,0,2
BRDA:19,4,0,1
BRDA:34,5,0,2
BRDA:43,6,0,2
BRDA:44,7,0,1
BRDA:44,8,0,1
BRDA:52,9,0,4
BRDA:56,10,0,2
BRDA:67,11,0,2
BRF:12
BRH:12
end_of_record
TN:
SF:src/zx-mocks.js
FN:6,flattenArray
FN:20,getZxCommand
FN:28,MockZxOutput
FN:32,quiet
FNF:4
FNH:4
FNDA:4,flattenArray
FNDA:1,getZxCommand
FNDA:3,MockZxOutput
FNDA:1,quiet
DA:1,1
DA:2,1
DA:3,1
DA:4,1
DA:5,1
DA:6,1
DA:7,4
DA:8,4
DA:9,8
DA:10,4
DA:11,4
DA:12,4
DA:13,4
DA:14,1
DA:15,1
DA:16,1
DA:17,1
DA:18,1
DA:19,1
DA:20,1
DA:21,1
DA:22,1
DA:23,1
DA:24,1
DA:25,1
DA:26,1
DA:27,1
DA:28,1
DA:29,3
DA:30,3
DA:31,1
DA:32,1
DA:33,1
DA:34,1
DA:35,1
LF:35
LH:35
BRDA:1,0,0,1
BRDA:6,1,0,4
BRDA:8,2,0,8
BRDA:9,3,0,2
BRDA:9,4,0,6
BRDA:20,5,0,1
BRDA:28,6,0,3
BRDA:29,7,0,2
BRDA:32,8,0,1
BRF:9
BRH:9
end_of_record
